<?xml version="1.0" encoding="UTF-8"?>
<!-- Generated by org.testng.reporters.JUnitReportReporter -->
<testsuite hostname="DESKTOP-5EVK54D" failures="0" tests="1" name="spotifyapis.Get_User_Profiles" time="4.431" errors="0" timestamp="2023-08-08T20:51:59 IST" skipped="0">
  <testcase classname="spotifyapis.Get_User_Profiles" name="getUserID" time="4.431"/>
  <system-out/>
</testsuite> <!-- spotifyapis.Get_User_Profiles -->
