<?xml version="1.0" encoding="UTF-8"?>
<!-- Generated by org.testng.reporters.JUnitReportReporter -->
<testsuite hostname="DESKTOP-5EVK54D" failures="0" tests="2" name="spotifyapis.NegativeScenarios" time="3.547" errors="0" timestamp="2023-08-09T20:25:05 IST" skipped="0">
  <testcase classname="spotifyapis.NegativeScenarios" name="shouldNotBeAbleToCreatePlayList" time="3.180"/>
  <system-out/>
  <testcase classname="spotifyapis.NegativeScenarios" name="shouldNotBeAuthorized" time="0.367"/>
  <system-out/>
</testsuite> <!-- spotifyapis.NegativeScenarios -->
