<?xml version="1.0" encoding="UTF-8"?>
<!-- Generated by org.testng.reporters.JUnitReportReporter -->
<testsuite hostname="DESKTOP-5EVK54D" failures="0" tests="1" name="basiccalls.FetchDataOfHeader" time="4.301" errors="0" timestamp="2023-08-02T20:56:22 IST" skipped="0">
  <testcase classname="basiccalls.FetchDataOfHeader" name="getUserDetails" time="4.301"/>
  <system-out/>
</testsuite> <!-- basiccalls.FetchDataOfHeader -->
