<?xml version="1.0" encoding="UTF-8"?>
<!-- Generated by org.testng.reporters.JUnitReportReporter -->
<testsuite hostname="DESKTOP-5EVK54D" failures="0" tests="1" name="spotifyapis.Get_AllPlayList" time="4.281" errors="0" timestamp="2023-08-08T21:22:42 IST" skipped="0">
  <testcase classname="spotifyapis.Get_AllPlayList" name="fetchAllPlaylist" time="4.281"/>
  <system-out/>
</testsuite> <!-- spotifyapis.Get_AllPlayList -->
