<?xml version="1.0" encoding="UTF-8"?>
<!-- Generated by org.testng.reporters.JUnitReportReporter -->
<testsuite hostname="DESKTOP-5EVK54D" failures="0" tests="1" name="serializationanddeserialization.CreateUser" time="6.677" errors="0" timestamp="2023-07-31T21:11:28 IST" skipped="0">
  <testcase classname="serializationanddeserialization.CreateUser" name="createAnUser" time="6.677"/>
  <system-out/>
</testsuite> <!-- serializationanddeserialization.CreateUser -->
