<?xml version="1.0" encoding="UTF-8"?>
<!-- Generated by org.testng.reporters.JUnitReportReporter -->
<testsuite hostname="DESKTOP-5EVK54D" failures="0" tests="1" name="spotifyapis.ChangePlaylistDetails" time="4.639" errors="0" timestamp="2023-08-11T20:23:20 IST" skipped="0">
  <testcase classname="spotifyapis.ChangePlaylistDetails" name="updatePlayList" time="4.639"/>
  <system-out/>
</testsuite> <!-- spotifyapis.ChangePlaylistDetails -->
