<?xml version="1.0" encoding="UTF-8"?>
<!-- Generated by org.testng.reporters.JUnitReportReporter -->
<testsuite hostname="DESKTOP-5EVK54D" failures="0" tests="1" name="spotifyapis.CreatePlaylist_WithPojo" time="8.691" errors="0" timestamp="2023-08-11T21:00:41 IST" skipped="0">
  <testcase classname="spotifyapis.CreatePlaylist_WithPojo" name="createPlaylist" time="8.691"/>
  <system-out/>
</testsuite> <!-- spotifyapis.CreatePlaylist_WithPojo -->
