<?xml version="1.0" encoding="UTF-8"?>
<!-- Generated by org.testng.reporters.JUnitReportReporter -->
<testsuite hostname="DESKTOP-5EVK54D" failures="0" tests="1" name="com.spotify.tests.CreatePlaylist" time="5.890" errors="0" timestamp="2023-08-11T21:40:23 IST" skipped="0">
  <testcase classname="com.spotify.tests.CreatePlaylist" name="createPlaylist" time="5.890"/>
  <system-out/>
</testsuite> <!-- com.spotify.tests.CreatePlaylist -->
