<?xml version="1.0" encoding="UTF-8"?>
<!-- Generated by org.testng.reporters.JUnitReportReporter -->
<testsuite hostname="DESKTOP-5EVK54D" failures="0" tests="1" name="serializationanddeserialization.CreateUser2" time="11.452" errors="0" timestamp="2023-08-09T21:24:50 IST" skipped="0">
  <testcase classname="serializationanddeserialization.CreateUser2" name="createAnUser" time="11.452"/>
  <system-out/>
</testsuite> <!-- serializationanddeserialization.CreateUser2 -->
