<?xml version="1.0" encoding="UTF-8"?>
<!-- Generated by org.testng.reporters.JUnitReportReporter -->
<testsuite hostname="DESKTOP-5EVK54D" failures="0" tests="1" name="serializationanddeserialization.GetUserRequest" time="4.962" errors="0" timestamp="2023-07-31T21:35:16 IST" skipped="0">
  <testcase classname="serializationanddeserialization.GetUserRequest" name="getUserDetails" time="4.962"/>
  <system-out/>
</testsuite> <!-- serializationanddeserialization.GetUserRequest -->
