<?xml version="1.0" encoding="UTF-8"?>
<!-- Generated by org.testng.reporters.JUnitReportReporter -->
<testsuite hostname="DESKTOP-5EVK54D" failures="0" tests="1" name="authschemes.BearerToken" time="5.323" errors="0" timestamp="2023-08-03T20:26:23 IST" skipped="0">
  <testcase classname="authschemes.BearerToken" name="getRepository" time="5.323"/>
  <system-out/>
</testsuite> <!-- authschemes.BearerToken -->
