<?xml version="1.0" encoding="UTF-8"?>
<!-- Generated by org.testng.reporters.JUnitReportReporter -->
<testsuite hostname="DESKTOP-5EVK54D" failures="0" tests="1" name="authschemes.CreateRepository" time="5.463" errors="0" timestamp="2023-08-03T20:32:52 IST" skipped="0">
  <testcase classname="authschemes.CreateRepository" name="getRepository" time="5.463"/>
  <system-out/>
</testsuite> <!-- authschemes.CreateRepository -->
