<?xml version="1.0" encoding="UTF-8"?>
<!-- Generated by org.testng.reporters.JUnitReportReporter -->
<testsuite hostname="DESKTOP-5EVK54D" failures="0" tests="1" name="spotifyapis.Create_PlayList" time="4.989" errors="0" timestamp="2023-08-09T20:39:41 IST" skipped="0">
  <testcase classname="spotifyapis.Create_PlayList" name="createPlaylist" time="4.989"/>
  <system-out/>
</testsuite> <!-- spotifyapis.Create_PlayList -->
